<?xml version="1.0" encoding="UTF-8"?>
<!-- Generated by org.testng.reporters.JUnitXMLReporter -->
<testsuite hostname="LAP-C-4172" ignored="2" name="Test" tests="1" failures="0" timestamp="10 Apr 2023 17:07:05 GMT" time="394.792" errors="0">
  <testcase name="BodyShopFlow3" time="394.711" classname="testScripts.BodyShopLiveIssues"/>
  <testcase name="BodyShopFlow1" time="0.0" classname="testScripts.BodyShopLiveIssues">
    <ignored/>
  </testcase> <!-- BodyShopFlow1 -->
  <testcase name="BodyShopFlow2" time="0.0" classname="testScripts.BodyShopLiveIssues">
    <ignored/>
  </testcase> <!-- BodyShopFlow2 -->
</testsuite> <!-- Test -->
