<?xml version="1.0" encoding="UTF-8"?>
<!-- Generated by org.testng.reporters.JUnitXMLReporter -->
<testsuite hostname="DESKTOP-282TSLQ" name="Command line test" tests="27" failures="10" timestamp="26 Apr 2021 08:02:17 GMT" time="1695.656" errors="0">
  <testcase name="vehicleCreatioN" time="4.241" classname="testScripts.Inbound_OrderForm"/>
  <testcase name="vehicleCreatioN" time="0.002" classname="testScripts.smoke"/>
  <testcase name="captureParentDetails" time="17.432" classname="testScripts.Inbound_OrderForm"/>
  <testcase name="inbOrderform" time="313.983" classname="testScripts.Inbound_OrderForm"/>
  <testcase name="assignPOD" time="20.023" classname="testScripts.Inbound_OrderForm"/>
  <testcase name="podGeneration" time="25.57" classname="testScripts.Inbound_OrderForm"/>
  <testcase name="binnerAssignment" time="116.009" classname="testScripts.Inbound_OrderForm"/>
  <testcase name="binning" time="566.845" classname="testScripts.Inbound_OrderForm"/>
  <testcase name="outboundCREATEREQUEST1" time="107.001" classname="testScripts.Inbound_OrderForm"/>
  <testcase name="pickerassignment" time="73.305" classname="testScripts.Inbound_OrderForm"/>
  <testcase name="AlternativeBin_Picking" time="51.877" classname="testScripts.Inbound_OrderForm"/>
  <testcase name="Random_pick" time="194.574" classname="testScripts.Inbound_OrderForm"/>
  <testcase name="shortpick" time="74.278" classname="testScripts.Inbound_OrderForm"/>
  <testcase name="optimization_skip" time="27.61" classname="testScripts.Inbound_OrderForm"/>
  <testcase name="dispatch" time="35.053" classname="testScripts.Inbound_OrderForm"/>
  <testcase name="captureParentDetails" time="17.518" classname="testScripts.smoke"/>
  <testcase name="poUpload" time="9.095" classname="testScripts.smoke"/>
  <testcase name="finishUpload" time="0.002" classname="testScripts.smoke">
    <failure type="org.openqa.selenium.NoSuchSessionException" message="Session ID is null. Using WebDriver after calling quit()?
Build info: version: &amp;apos;3.11.0&amp;apos;, revision: &amp;apos;e59cfb3&amp;apos;, time: &amp;apos;2018-03-11T20:26:55.152Z&amp;apos;
System info: host: &amp;apos;DESKTOP-282TSLQ&amp;apos;, ip: &amp;apos;192.168.0.112&amp;apos;, os.name: &amp;apos;Windows 10&amp;apos;, os.arch: &amp;apos;amd64&amp;apos;, os.version: &amp;apos;10.0&amp;apos;, java.version: &amp;apos;1.8.0_171&amp;apos;
Driver info: driver.version: RemoteWebDriver">
      <![CDATA[org.openqa.selenium.NoSuchSessionException: Session ID is null. Using WebDriver after calling quit()?
Build info: version: '3.11.0', revision: 'e59cfb3', time: '2018-03-11T20:26:55.152Z'
System info: host: 'DESKTOP-282TSLQ', ip: '192.168.0.112', os.name: 'Windows 10', os.arch: 'amd64', os.version: '10.0', java.version: '1.8.0_171'
Driver info: driver.version: RemoteWebDriver
	at org.openqa.selenium.remote.HttpCommandExecutor.execute(HttpCommandExecutor.java:125)
	at org.openqa.selenium.remote.service.DriverCommandExecutor.execute(DriverCommandExecutor.java:83)
	at org.openqa.selenium.remote.RemoteWebDriver.execute(RemoteWebDriver.java:545)
	at org.openqa.selenium.remote.RemoteWebDriver.execute(RemoteWebDriver.java:602)
	at org.openqa.selenium.remote.RemoteWebDriver.getScreenshotAs(RemoteWebDriver.java:291)
	at testScripts.CommonFunctions.capture(CommonFunctions.java:393)
	at testScripts.smoke.finishUpload(smoke.java:116)
	at testScripts.VisibilityMain.main(VisibilityMain.java:33)
... Removed 21 stack frames]]>
    </failure>
  </testcase> <!-- finishUpload -->
  <testcase name="assignPOD" time="0.0" classname="testScripts.smoke">
    <failure type="org.openqa.selenium.NoSuchSessionException" message="Session ID is null. Using WebDriver after calling quit()?
Build info: version: &amp;apos;3.11.0&amp;apos;, revision: &amp;apos;e59cfb3&amp;apos;, time: &amp;apos;2018-03-11T20:26:55.152Z&amp;apos;
System info: host: &amp;apos;DESKTOP-282TSLQ&amp;apos;, ip: &amp;apos;192.168.0.112&amp;apos;, os.name: &amp;apos;Windows 10&amp;apos;, os.arch: &amp;apos;amd64&amp;apos;, os.version: &amp;apos;10.0&amp;apos;, java.version: &amp;apos;1.8.0_171&amp;apos;
Driver info: driver.version: RemoteWebDriver">
      <![CDATA[org.openqa.selenium.NoSuchSessionException: Session ID is null. Using WebDriver after calling quit()?
Build info: version: '3.11.0', revision: 'e59cfb3', time: '2018-03-11T20:26:55.152Z'
System info: host: 'DESKTOP-282TSLQ', ip: '192.168.0.112', os.name: 'Windows 10', os.arch: 'amd64', os.version: '10.0', java.version: '1.8.0_171'
Driver info: driver.version: RemoteWebDriver
	at org.openqa.selenium.remote.HttpCommandExecutor.execute(HttpCommandExecutor.java:125)
	at org.openqa.selenium.remote.service.DriverCommandExecutor.execute(DriverCommandExecutor.java:83)
	at org.openqa.selenium.remote.RemoteWebDriver.execute(RemoteWebDriver.java:545)
	at org.openqa.selenium.remote.RemoteWebDriver.execute(RemoteWebDriver.java:602)
	at org.openqa.selenium.remote.RemoteWebDriver.getScreenshotAs(RemoteWebDriver.java:291)
	at testScripts.CommonFunctions.capture(CommonFunctions.java:393)
	at testScripts.smoke.assignPOD(smoke.java:148)
	at testScripts.VisibilityMain.main(VisibilityMain.java:33)
... Removed 21 stack frames]]>
    </failure>
  </testcase> <!-- assignPOD -->
  <testcase name="podGeneration" time="0.0" classname="testScripts.smoke">
    <failure type="org.openqa.selenium.NoSuchSessionException" message="Session ID is null. Using WebDriver after calling quit()?
Build info: version: &amp;apos;3.11.0&amp;apos;, revision: &amp;apos;e59cfb3&amp;apos;, time: &amp;apos;2018-03-11T20:26:55.152Z&amp;apos;
System info: host: &amp;apos;DESKTOP-282TSLQ&amp;apos;, ip: &amp;apos;192.168.0.112&amp;apos;, os.name: &amp;apos;Windows 10&amp;apos;, os.arch: &amp;apos;amd64&amp;apos;, os.version: &amp;apos;10.0&amp;apos;, java.version: &amp;apos;1.8.0_171&amp;apos;
Driver info: driver.version: RemoteWebDriver">
      <![CDATA[org.openqa.selenium.NoSuchSessionException: Session ID is null. Using WebDriver after calling quit()?
Build info: version: '3.11.0', revision: 'e59cfb3', time: '2018-03-11T20:26:55.152Z'
System info: host: 'DESKTOP-282TSLQ', ip: '192.168.0.112', os.name: 'Windows 10', os.arch: 'amd64', os.version: '10.0', java.version: '1.8.0_171'
Driver info: driver.version: RemoteWebDriver
	at org.openqa.selenium.remote.HttpCommandExecutor.execute(HttpCommandExecutor.java:125)
	at org.openqa.selenium.remote.service.DriverCommandExecutor.execute(DriverCommandExecutor.java:83)
	at org.openqa.selenium.remote.RemoteWebDriver.execute(RemoteWebDriver.java:545)
	at org.openqa.selenium.remote.RemoteWebDriver.execute(RemoteWebDriver.java:602)
	at org.openqa.selenium.remote.RemoteWebDriver.getScreenshotAs(RemoteWebDriver.java:291)
	at testScripts.CommonFunctions.capture(CommonFunctions.java:393)
	at testScripts.smoke.podGeneration(smoke.java:177)
	at testScripts.VisibilityMain.main(VisibilityMain.java:33)
... Removed 21 stack frames]]>
    </failure>
  </testcase> <!-- podGeneration -->
  <testcase name="binnerAssignment" time="0.001" classname="testScripts.smoke">
    <failure type="org.openqa.selenium.NoSuchSessionException" message="Session ID is null. Using WebDriver after calling quit()?
Build info: version: &amp;apos;3.11.0&amp;apos;, revision: &amp;apos;e59cfb3&amp;apos;, time: &amp;apos;2018-03-11T20:26:55.152Z&amp;apos;
System info: host: &amp;apos;DESKTOP-282TSLQ&amp;apos;, ip: &amp;apos;192.168.0.112&amp;apos;, os.name: &amp;apos;Windows 10&amp;apos;, os.arch: &amp;apos;amd64&amp;apos;, os.version: &amp;apos;10.0&amp;apos;, java.version: &amp;apos;1.8.0_171&amp;apos;
Driver info: driver.version: RemoteWebDriver">
      <![CDATA[org.openqa.selenium.NoSuchSessionException: Session ID is null. Using WebDriver after calling quit()?
Build info: version: '3.11.0', revision: 'e59cfb3', time: '2018-03-11T20:26:55.152Z'
System info: host: 'DESKTOP-282TSLQ', ip: '192.168.0.112', os.name: 'Windows 10', os.arch: 'amd64', os.version: '10.0', java.version: '1.8.0_171'
Driver info: driver.version: RemoteWebDriver
	at org.openqa.selenium.remote.HttpCommandExecutor.execute(HttpCommandExecutor.java:125)
	at org.openqa.selenium.remote.service.DriverCommandExecutor.execute(DriverCommandExecutor.java:83)
	at org.openqa.selenium.remote.RemoteWebDriver.execute(RemoteWebDriver.java:545)
	at org.openqa.selenium.remote.RemoteWebDriver.execute(RemoteWebDriver.java:602)
	at org.openqa.selenium.remote.RemoteWebDriver.getScreenshotAs(RemoteWebDriver.java:291)
	at testScripts.CommonFunctions.capture(CommonFunctions.java:393)
	at testScripts.smoke.binnerAssignment(smoke.java:220)
	at testScripts.VisibilityMain.main(VisibilityMain.java:33)
... Removed 21 stack frames]]>
    </failure>
  </testcase> <!-- binnerAssignment -->
  <testcase name="binning" time="0.0" classname="testScripts.smoke">
    <failure type="org.openqa.selenium.NoSuchSessionException" message="Session ID is null. Using WebDriver after calling quit()?
Build info: version: &amp;apos;3.11.0&amp;apos;, revision: &amp;apos;e59cfb3&amp;apos;, time: &amp;apos;2018-03-11T20:26:55.152Z&amp;apos;
System info: host: &amp;apos;DESKTOP-282TSLQ&amp;apos;, ip: &amp;apos;192.168.0.112&amp;apos;, os.name: &amp;apos;Windows 10&amp;apos;, os.arch: &amp;apos;amd64&amp;apos;, os.version: &amp;apos;10.0&amp;apos;, java.version: &amp;apos;1.8.0_171&amp;apos;
Driver info: driver.version: RemoteWebDriver">
      <![CDATA[org.openqa.selenium.NoSuchSessionException: Session ID is null. Using WebDriver after calling quit()?
Build info: version: '3.11.0', revision: 'e59cfb3', time: '2018-03-11T20:26:55.152Z'
System info: host: 'DESKTOP-282TSLQ', ip: '192.168.0.112', os.name: 'Windows 10', os.arch: 'amd64', os.version: '10.0', java.version: '1.8.0_171'
Driver info: driver.version: RemoteWebDriver
	at org.openqa.selenium.remote.HttpCommandExecutor.execute(HttpCommandExecutor.java:125)
	at org.openqa.selenium.remote.service.DriverCommandExecutor.execute(DriverCommandExecutor.java:83)
	at org.openqa.selenium.remote.RemoteWebDriver.execute(RemoteWebDriver.java:545)
	at org.openqa.selenium.remote.RemoteWebDriver.findElement(RemoteWebDriver.java:319)
	at org.openqa.selenium.remote.RemoteWebDriver.findElementByLinkText(RemoteWebDriver.java:373)
	at org.openqa.selenium.By$ByLinkText.findElement(By.java:246)
	at org.openqa.selenium.remote.RemoteWebDriver.findElement(RemoteWebDriver.java:311)
	at testScripts.CommonFunctions.clickIDLinkText(CommonFunctions.java:385)
	at testScripts.smoke.binning(smoke.java:232)
	at testScripts.VisibilityMain.main(VisibilityMain.java:33)
... Removed 21 stack frames]]>
    </failure>
  </testcase> <!-- binning -->
  <testcase name="pickgeneration" time="0.004" classname="testScripts.smoke">
    <failure type="org.openqa.selenium.NoSuchSessionException" message="Session ID is null. Using WebDriver after calling quit()?
Build info: version: &amp;apos;3.11.0&amp;apos;, revision: &amp;apos;e59cfb3&amp;apos;, time: &amp;apos;2018-03-11T20:26:55.152Z&amp;apos;
System info: host: &amp;apos;DESKTOP-282TSLQ&amp;apos;, ip: &amp;apos;192.168.0.112&amp;apos;, os.name: &amp;apos;Windows 10&amp;apos;, os.arch: &amp;apos;amd64&amp;apos;, os.version: &amp;apos;10.0&amp;apos;, java.version: &amp;apos;1.8.0_171&amp;apos;
Driver info: driver.version: RemoteWebDriver">
      <![CDATA[org.openqa.selenium.NoSuchSessionException: Session ID is null. Using WebDriver after calling quit()?
Build info: version: '3.11.0', revision: 'e59cfb3', time: '2018-03-11T20:26:55.152Z'
System info: host: 'DESKTOP-282TSLQ', ip: '192.168.0.112', os.name: 'Windows 10', os.arch: 'amd64', os.version: '10.0', java.version: '1.8.0_171'
Driver info: driver.version: RemoteWebDriver
	at org.openqa.selenium.remote.HttpCommandExecutor.execute(HttpCommandExecutor.java:125)
	at org.openqa.selenium.remote.service.DriverCommandExecutor.execute(DriverCommandExecutor.java:83)
	at org.openqa.selenium.remote.RemoteWebDriver.execute(RemoteWebDriver.java:545)
	at org.openqa.selenium.remote.RemoteWebDriver.execute(RemoteWebDriver.java:602)
	at org.openqa.selenium.remote.RemoteWebDriver.getScreenshotAs(RemoteWebDriver.java:291)
	at testScripts.CommonFunctions.capture(CommonFunctions.java:393)
	at testScripts.smoke.pickgeneration(smoke.java:461)
	at testScripts.VisibilityMain.main(VisibilityMain.java:33)
... Removed 21 stack frames]]>
    </failure>
  </testcase> <!-- pickgeneration -->
  <testcase name="pickerassign" time="0.501" classname="testScripts.smoke">
    <failure type="org.openqa.selenium.NoSuchSessionException" message="Session ID is null. Using WebDriver after calling quit()?
Build info: version: &amp;apos;3.11.0&amp;apos;, revision: &amp;apos;e59cfb3&amp;apos;, time: &amp;apos;2018-03-11T20:26:55.152Z&amp;apos;
System info: host: &amp;apos;DESKTOP-282TSLQ&amp;apos;, ip: &amp;apos;192.168.0.112&amp;apos;, os.name: &amp;apos;Windows 10&amp;apos;, os.arch: &amp;apos;amd64&amp;apos;, os.version: &amp;apos;10.0&amp;apos;, java.version: &amp;apos;1.8.0_171&amp;apos;
Driver info: driver.version: RemoteWebDriver">
      <![CDATA[org.openqa.selenium.NoSuchSessionException: Session ID is null. Using WebDriver after calling quit()?
Build info: version: '3.11.0', revision: 'e59cfb3', time: '2018-03-11T20:26:55.152Z'
System info: host: 'DESKTOP-282TSLQ', ip: '192.168.0.112', os.name: 'Windows 10', os.arch: 'amd64', os.version: '10.0', java.version: '1.8.0_171'
Driver info: driver.version: RemoteWebDriver
	at org.openqa.selenium.remote.HttpCommandExecutor.execute(HttpCommandExecutor.java:125)
	at org.openqa.selenium.remote.service.DriverCommandExecutor.execute(DriverCommandExecutor.java:83)
	at org.openqa.selenium.remote.RemoteWebDriver.execute(RemoteWebDriver.java:545)
	at org.openqa.selenium.remote.RemoteWebDriver.execute(RemoteWebDriver.java:602)
	at org.openqa.selenium.remote.RemoteWebDriver.getScreenshotAs(RemoteWebDriver.java:291)
	at testScripts.CommonFunctions.capture(CommonFunctions.java:393)
	at testScripts.smoke.pickerassign(smoke.java:504)
	at testScripts.VisibilityMain.main(VisibilityMain.java:33)
... Removed 21 stack frames]]>
    </failure>
  </testcase> <!-- pickerassign -->
  <testcase name="pickingScreen" time="0.0" classname="testScripts.smoke">
    <failure type="org.openqa.selenium.NoSuchSessionException" message="Session ID is null. Using WebDriver after calling quit()?
Build info: version: &amp;apos;3.11.0&amp;apos;, revision: &amp;apos;e59cfb3&amp;apos;, time: &amp;apos;2018-03-11T20:26:55.152Z&amp;apos;
System info: host: &amp;apos;DESKTOP-282TSLQ&amp;apos;, ip: &amp;apos;192.168.0.112&amp;apos;, os.name: &amp;apos;Windows 10&amp;apos;, os.arch: &amp;apos;amd64&amp;apos;, os.version: &amp;apos;10.0&amp;apos;, java.version: &amp;apos;1.8.0_171&amp;apos;
Driver info: driver.version: RemoteWebDriver">
      <![CDATA[org.openqa.selenium.NoSuchSessionException: Session ID is null. Using WebDriver after calling quit()?
Build info: version: '3.11.0', revision: 'e59cfb3', time: '2018-03-11T20:26:55.152Z'
System info: host: 'DESKTOP-282TSLQ', ip: '192.168.0.112', os.name: 'Windows 10', os.arch: 'amd64', os.version: '10.0', java.version: '1.8.0_171'
Driver info: driver.version: RemoteWebDriver
	at org.openqa.selenium.remote.HttpCommandExecutor.execute(HttpCommandExecutor.java:125)
	at org.openqa.selenium.remote.service.DriverCommandExecutor.execute(DriverCommandExecutor.java:83)
	at org.openqa.selenium.remote.RemoteWebDriver.execute(RemoteWebDriver.java:545)
	at org.openqa.selenium.remote.RemoteWebDriver.execute(RemoteWebDriver.java:602)
	at org.openqa.selenium.remote.RemoteWebDriver.getScreenshotAs(RemoteWebDriver.java:291)
	at testScripts.CommonFunctions.capture(CommonFunctions.java:393)
	at testScripts.smoke.pickingScreen(smoke.java:583)
	at testScripts.VisibilityMain.main(VisibilityMain.java:33)
... Removed 21 stack frames]]>
    </failure>
  </testcase> <!-- pickingScreen -->
  <testcase name="consolidation" time="2.0" classname="testScripts.smoke">
    <failure type="org.openqa.selenium.NoSuchSessionException" message="Session ID is null. Using WebDriver after calling quit()?
Build info: version: &amp;apos;3.11.0&amp;apos;, revision: &amp;apos;e59cfb3&amp;apos;, time: &amp;apos;2018-03-11T20:26:55.152Z&amp;apos;
System info: host: &amp;apos;DESKTOP-282TSLQ&amp;apos;, ip: &amp;apos;192.168.0.112&amp;apos;, os.name: &amp;apos;Windows 10&amp;apos;, os.arch: &amp;apos;amd64&amp;apos;, os.version: &amp;apos;10.0&amp;apos;, java.version: &amp;apos;1.8.0_171&amp;apos;
Driver info: driver.version: RemoteWebDriver">
      <![CDATA[org.openqa.selenium.NoSuchSessionException: Session ID is null. Using WebDriver after calling quit()?
Build info: version: '3.11.0', revision: 'e59cfb3', time: '2018-03-11T20:26:55.152Z'
System info: host: 'DESKTOP-282TSLQ', ip: '192.168.0.112', os.name: 'Windows 10', os.arch: 'amd64', os.version: '10.0', java.version: '1.8.0_171'
Driver info: driver.version: RemoteWebDriver
	at org.openqa.selenium.remote.HttpCommandExecutor.execute(HttpCommandExecutor.java:125)
	at org.openqa.selenium.remote.service.DriverCommandExecutor.execute(DriverCommandExecutor.java:83)
	at org.openqa.selenium.remote.RemoteWebDriver.execute(RemoteWebDriver.java:545)
	at org.openqa.selenium.remote.RemoteWebDriver.execute(RemoteWebDriver.java:602)
	at org.openqa.selenium.remote.RemoteWebDriver.getScreenshotAs(RemoteWebDriver.java:291)
	at testScripts.CommonFunctions.capture(CommonFunctions.java:393)
	at testScripts.smoke.consolidation(smoke.java:660)
	at testScripts.VisibilityMain.main(VisibilityMain.java:33)
... Removed 21 stack frames]]>
    </failure>
  </testcase> <!-- consolidation -->
  <testcase name="dispatch" time="0.0" classname="testScripts.smoke">
    <failure type="org.openqa.selenium.NoSuchSessionException" message="Session ID is null. Using WebDriver after calling quit()?
Build info: version: &amp;apos;3.11.0&amp;apos;, revision: &amp;apos;e59cfb3&amp;apos;, time: &amp;apos;2018-03-11T20:26:55.152Z&amp;apos;
System info: host: &amp;apos;DESKTOP-282TSLQ&amp;apos;, ip: &amp;apos;192.168.0.112&amp;apos;, os.name: &amp;apos;Windows 10&amp;apos;, os.arch: &amp;apos;amd64&amp;apos;, os.version: &amp;apos;10.0&amp;apos;, java.version: &amp;apos;1.8.0_171&amp;apos;
Driver info: driver.version: RemoteWebDriver">
      <![CDATA[org.openqa.selenium.NoSuchSessionException: Session ID is null. Using WebDriver after calling quit()?
Build info: version: '3.11.0', revision: 'e59cfb3', time: '2018-03-11T20:26:55.152Z'
System info: host: 'DESKTOP-282TSLQ', ip: '192.168.0.112', os.name: 'Windows 10', os.arch: 'amd64', os.version: '10.0', java.version: '1.8.0_171'
Driver info: driver.version: RemoteWebDriver
	at org.openqa.selenium.remote.HttpCommandExecutor.execute(HttpCommandExecutor.java:125)
	at org.openqa.selenium.remote.service.DriverCommandExecutor.execute(DriverCommandExecutor.java:83)
	at org.openqa.selenium.remote.RemoteWebDriver.execute(RemoteWebDriver.java:545)
	at org.openqa.selenium.remote.RemoteWebDriver.execute(RemoteWebDriver.java:602)
	at org.openqa.selenium.remote.RemoteWebDriver.getScreenshotAs(RemoteWebDriver.java:291)
	at testScripts.CommonFunctions.capture(CommonFunctions.java:393)
	at testScripts.smoke.dispatch(smoke.java:707)
	at testScripts.VisibilityMain.main(VisibilityMain.java:33)
... Removed 21 stack frames]]>
    </failure>
  </testcase> <!-- dispatch -->
</testsuite> <!-- Command line test -->
